jawwal_pay/build/intermediates/manifest_merge_blame_file/debug/manifest-merger-blame-debug-report.txt
1<?xml version="1.0" encoding="utf-8"?>
2<manifest xmlns:android="http://schemas.android.com/apk/res/android"
3    package="com.example.jawwal_pay"
4    android:versionCode="1"
5    android:versionName="1.0" >
6
7    <uses-sdk
8        android:minSdkVersion="16"
8-->src\main\AndroidManifest.xml
9        android:targetSdkVersion="28" />
9-->src\main\AndroidManifest.xml
10
11    <uses-permission android:name="android.permission.INTERNET" />
11-->src\main\AndroidManifest.xml:7:5-66
11-->src\main\AndroidManifest.xml:7:22-64
12
13    <application>
13-->src\main\AndroidManifest.xml:8:5-13:19
14        <activity
14-->src\main\AndroidManifest.xml:9:9-12:20
15            android:name="com.example.jawwal_pay.Pay"
15-->src\main\AndroidManifest.xml:9:19-38
16            android:configChanges="orientation|screenSize"
16-->src\main\AndroidManifest.xml:11:13-59
17            android:label="Jawaal Pay" >
17-->src\main\AndroidManifest.xml:10:13-39
18        </activity>
19    </application>
20
21</manifest>